2022-03-22T16:04:51.9982314-03:00  [INF] Generating inbuilt accounts (d5983574)
2022-03-22T16:04:55.2574965-03:00  [INF] Inbuilt account generation completed (a663d88d)
2022-03-22T16:04:55.2776894-03:00  [INF] Seeding initial data (13b66d8a)
2022-03-22T16:04:55.2975384-03:00  [WRN] The query uses the 'First'/'FirstOrDefault' operator without 'OrderBy' and filter operators. This may lead to unpredictable results. (f43d926b)
2022-03-22T16:04:56.7637227-03:00  [INF] Seeding initial data completed (dcd778dd)
2022-03-22T16:04:57.0956504-03:00  [INF] Starting IdentityServer4 version "4.1.2+997a6cdd643e46cd5762b710c4ddc43574cbec2e" (8add0571)
2022-03-22T16:04:57.1170700-03:00  [INF] You are using the in-memory version of the persisted grant store. This will store consent decisions, authorization codes, refresh and reference tokens in memory only. If you are using any of those features in production, you want to switch to a different store implementation. (553c312b)
2022-03-22T16:04:57.1283976-03:00  [INF] Using the default authentication scheme "Identity.Application" for IdentityServer (4a54f457)
2022-03-22T16:04:57.8662835-03:00  [INF] Application started. Press Ctrl+C to shut down. (dcaefe54)
2022-03-22T16:04:57.8938041-03:00  [INF] Hosting environment: "Development" (c3307c92)
2022-03-22T16:04:57.9138816-03:00  [INF] Content root path: "C:\Adriana.Borges\PROJETOS-FREE\Kasznar\Projetc-Kasznar\Quick Application1\Quick_Application1" (b5d60022)
2022-03-22T16:05:37.4652416-03:00  [ERR] Compiling @angular/core : es2015 as esm2015
 (5acd4031)
2022-03-22T16:05:38.6211549-03:00  [ERR] Compiling @angular/animations : es2015 as esm2015
 (9c30a060)
2022-03-22T16:05:46.4131545-03:00  [ERR] Compiling @angular/common : es2015 as esm2015
 (ebfa3907)
2022-03-22T16:05:46.9494320-03:00  [ERR] Compiling ngx-bootstrap/utils : es2015 as esm2015
 (492f6370)
2022-03-22T16:05:48.0053792-03:00  [ERR] Compiling @angular/animations/browser : es2015 as esm2015
 (588153d4)
2022-03-22T16:05:51.3306301-03:00  [ERR] Compiling @ngx-translate/core : es2015 as esm2015
 (fb8db328)
2022-03-22T16:05:52.3839692-03:00  [ERR] Compiling ngx-bootstrap/positioning : es2015 as esm2015
 (dcb442f5)
2022-03-22T16:05:53.5848560-03:00  [ERR] Compiling ngx-bootstrap/component-loader : es2015 as esm2015
 (476fc570)
2022-03-22T16:05:54.4180912-03:00  [ERR] Compiling @angular/platform-browser : es2015 as esm2015
 (a01bc7a9)
2022-03-22T16:05:55.7809200-03:00  [ERR] Compiling @angular/common/http : es2015 as esm2015
 (934ad769)
2022-03-22T16:05:56.5965478-03:00  [ERR] Compiling @angular/forms : es2015 as esm2015
 (a5e7a4d2)
2022-03-22T16:05:57.8180602-03:00  [ERR] Compiling @angular/platform-browser-dynamic : es2015 as esm2015
 (00ea327c)
2022-03-22T16:05:58.8163240-03:00  [ERR] Compiling @angular/platform-browser/animations : es2015 as esm2015
 (8689353d)
2022-03-22T16:05:59.1432322-03:00  [ERR] Compiling @swimlane/ngx-datatable : es2015 as esm2015
 (de94b4fb)
2022-03-22T16:06:00.1325264-03:00  [ERR] Compiling angular-oauth2-oidc : es2015 as esm2015
 (cf00f9fd)
2022-03-22T16:06:00.7507225-03:00  [ERR] Compiling ngx-toasta : es2015 as esm2015
 (74510f6e)
2022-03-22T16:06:01.3729801-03:00  [ERR] Compiling @ng-select/ng-select : es2015 as esm2015
 (9cf45cc3)
2022-03-22T16:06:01.7274612-03:00  [ERR] Compiling ngx-bootstrap/modal : es2015 as esm2015
 (ca2802c3)
2022-03-22T16:06:03.2915210-03:00  [ERR] Compiling ngx-bootstrap/tooltip : es2015 as esm2015
 (1826e0e6)
2022-03-22T16:06:04.9526035-03:00  [ERR] Compiling ngx-bootstrap/popover : es2015 as esm2015
 (0740364c)
2022-03-22T16:06:05.9472748-03:00  [ERR] Compiling ngx-bootstrap/dropdown : es2015 as esm2015
 (a173ec35)
2022-03-22T16:06:06.1138993-03:00  [ERR] Compiling ngx-bootstrap/carousel : es2015 as esm2015
 (38bd2f63)
2022-03-22T16:06:06.1591966-03:00  [ERR] Compiling ng2-charts : es2015 as esm2015
 (24251a2c)
2022-03-22T16:06:06.8614196-03:00  [ERR] Compiling @angular/router : es2015 as esm2015
 (ede1c3a1)
2022-03-22T16:06:26.0741925-03:00  [ERR] (node:5164) [DEP0148] DeprecationWarning: Use of deprecated folder mapping "./" in the "exports" field module resolution of the package at C:\Adriana.Borges\PROJETOS-FREE\Kasznar\Projetc-Kasznar\Quick Application1\Quick_Application1\ClientApp\node_modules\postcss\package.json.
 (55829d70)
2022-03-22T16:06:26.0809450-03:00  [ERR] Update this package.json to use a subpath pattern like "./*".
 (2add4188)
2022-03-22T16:06:26.0844036-03:00  [ERR] (Use `node --trace-deprecation ...` to show where the warning was created)
 (567f389e)
2022-03-22T16:07:38.4393498-03:00 8000001e-0000-fe00-b63f-84710c7967bb [INF] Invoking IdentityServer endpoint: "IdentityServer4.Endpoints.DiscoveryEndpoint" for "/.well-known/openid-configuration" (f7642de5)
2022-03-22T16:07:38.5645335-03:00 8000000e-0001-fc00-b63f-84710c7967bb [INF] Invoking IdentityServer endpoint: "IdentityServer4.Endpoints.DiscoveryKeyEndpoint" for "/.well-known/openid-configuration/jwks" (f7642de5)
2022-03-22T16:07:38.8033355-03:00 8000000e-0003-fb00-b63f-84710c7967bb [INF] Invoking IdentityServer endpoint: "IdentityServer4.Endpoints.TokenEndpoint" for "/connect/token" (f7642de5)
2022-03-22T16:07:39.0539466-03:00 8000000e-0003-fb00-b63f-84710c7967bb [INF] No user found matching username: "adrianaborges" (cd7b29f8)
2022-03-22T16:07:39.1190300-03:00 8000000e-0003-fb00-b63f-84710c7967bb [INF] User authentication failed: "invalid_username_or_password", details: TokenRequestValidationLog { ClientId: "quickapp_spa", ClientName: null, GrantType: "password", Scopes: "email offline_access openid phone profile quickapp_api roles", AuthorizationCode: "********", RefreshToken: "********", UserName: "adrianaborges", AuthenticationContextReferenceClasses: null, Tenant: null, IdP: null, Raw: [("username": "adrianaborges"), ("password": "***REDACTED***"), ("client_id": "quickapp_spa"), ("grant_type": "password"), ("scope": "openid email phone profile offline_access roles quickapp_api")] } (07b239aa)
2022-03-22T16:08:33.0512698-03:00 80000014-0003-fb00-b63f-84710c7967bb [INF] Invoking IdentityServer endpoint: "IdentityServer4.Endpoints.DiscoveryEndpoint" for "/.well-known/openid-configuration" (f7642de5)
2022-03-22T16:08:33.0763993-03:00 80000010-0001-fe00-b63f-84710c7967bb [INF] Invoking IdentityServer endpoint: "IdentityServer4.Endpoints.DiscoveryKeyEndpoint" for "/.well-known/openid-configuration/jwks" (f7642de5)
2022-03-22T16:08:33.1060100-03:00 80000012-0001-fe00-b63f-84710c7967bb [INF] Invoking IdentityServer endpoint: "IdentityServer4.Endpoints.TokenEndpoint" for "/connect/token" (f7642de5)
2022-03-22T16:08:33.1885081-03:00 80000012-0001-fe00-b63f-84710c7967bb [INF] No user found matching username: "adrianaborges" (cd7b29f8)
2022-03-22T16:08:33.1922742-03:00 80000012-0001-fe00-b63f-84710c7967bb [INF] User authentication failed: "invalid_username_or_password", details: TokenRequestValidationLog { ClientId: "quickapp_spa", ClientName: null, GrantType: "password", Scopes: "email offline_access openid phone profile quickapp_api roles", AuthorizationCode: "********", RefreshToken: "********", UserName: "adrianaborges", AuthenticationContextReferenceClasses: null, Tenant: null, IdP: null, Raw: [("username": "adrianaborges"), ("password": "***REDACTED***"), ("client_id": "quickapp_spa"), ("grant_type": "password"), ("scope": "openid email phone profile offline_access roles quickapp_api")] } (07b239aa)
